CPU : 06 %
Memoria : 87 %
Disco : 13 %
Descarga : 3.94 Mbit/s
Carga :  0.29 Mbit/s
Temperatura : 50 Cº
Estado envìo : OK
Sun 28 Feb 06:41:19 UTC 2016
----------------------------------------------FIN--------------------------------------------------------------
CPU : 00 %
Memoria : 85 %
Disco : 13 %
Descarga : 2.40 Mbit/s
Carga :  0.35 Mbit/s
Temperatura : 49 Cº
Estado envìo : OK
Sun 28 Feb 06:51:20 UTC 2016
----------------------------------------------FIN--------------------------------------------------------------
CPU : 00 %
Memoria : 85 %
Disco : 13 %
Descarga : 3.92 Mbit/s
Carga :  0.23 Mbit/s
Temperatura : 48 Cº
Estado envìo : OK
Sun 28 Feb 07:01:14 UTC 2016
----------------------------------------------FIN--------------------------------------------------------------
CPU : 00 %
Memoria : 85 %
Disco : 13 %
Descarga : 2.41 Mbit/s
Carga :  0.17 Mbit/s
Temperatura : 47 Cº
Estado envìo : OK
Sun 28 Feb 07:11:38 UTC 2016
----------------------------------------------FIN--------------------------------------------------------------
CPU : 00 %
Memoria : 85 %
Disco : 13 %
Descarga : 3.56 Mbit/s
Carga :  0.34 Mbit/s
Temperatura : 47 Cº
Estado envìo : OK
Sun 28 Feb 07:21:21 UTC 2016
----------------------------------------------FIN--------------------------------------------------------------
CPU : 00 %
Memoria : 85 %
Disco : 13 %
Descarga : 3.87 Mbit/s
Carga :  0.29 Mbit/s
Temperatura : 47 Cº
Estado envìo : OK
Sun 28 Feb 07:31:20 UTC 2016
----------------------------------------------FIN--------------------------------------------------------------
CPU : 01 %
Memoria : 85 %
Disco : 13 %
Descarga : 3.89 Mbit/s
Carga :  0.29 Mbit/s
Temperatura : 47 Cº
Estado envìo : OK
Sun 28 Feb 07:41:20 UTC 2016
----------------------------------------------FIN--------------------------------------------------------------
CPU : 02 %
Memoria : 85 %
Disco : 13 %
Descarga : 3.88 Mbit/s
Carga :  0.35 Mbit/s
Temperatura : 47 Cº
Estado envìo : OK
Sun 28 Feb 07:51:19 UTC 2016
----------------------------------------------FIN--------------------------------------------------------------
CPU : 08 %
Memoria : 85 %
Disco : 13 %
Descarga : 3.82 Mbit/s
Carga :  0.41 Mbit/s
Temperatura : 47 Cº
Estado envìo : OK
Sun 28 Feb 08:01:26 UTC 2016
----------------------------------------------FIN--------------------------------------------------------------
CPU : 00 %
Memoria : 85 %
Disco : 13 %
Descarga : 3.86 Mbit/s
Carga :  0.29 Mbit/s
Temperatura : 47 Cº
Estado envìo : OK
Sun 28 Feb 08:11:19 UTC 2016
----------------------------------------------FIN--------------------------------------------------------------
CPU : 03 %
Memoria : 85 %
Disco : 13 %
Descarga : 3.90 Mbit/s
Carga :  0.23 Mbit/s
Temperatura : 46 Cº
Estado envìo : OK
Sun 28 Feb 08:21:19 UTC 2016
----------------------------------------------FIN--------------------------------------------------------------
CPU : 00 %
Memoria : 85 %
Disco : 13 %
Descarga : 3.89 Mbit/s
Carga :  0.35 Mbit/s
Temperatura : 46 Cº
Estado envìo : OK
Sun 28 Feb 08:31:11 UTC 2016
----------------------------------------------FIN--------------------------------------------------------------
CPU : 00 %
Memoria : 85 %
Disco : 13 %
Descarga : 2.34 Mbit/s
Carga :  0.00 Mbit/s
Temperatura : 46 Cº
Estado envìo : OK
Sun 28 Feb 08:41:24 UTC 2016
----------------------------------------------FIN--------------------------------------------------------------
CPU : 00 %
Memoria : 85 %
Disco : 13 %
Descarga : 3.15 Mbit/s
Carga :  0.29 Mbit/s
Temperatura : 45 Cº
Estado envìo : OK
Sun 28 Feb 08:51:17 UTC 2016
----------------------------------------------FIN--------------------------------------------------------------
CPU : 00 %
Memoria : 85 %
Disco : 13 %
Descarga : 3.93 Mbit/s
Carga :  0.35 Mbit/s
Temperatura : 46 Cº
Estado envìo : OK
Sun 28 Feb 09:01:22 UTC 2016
----------------------------------------------FIN--------------------------------------------------------------
CPU : 01 %
Memoria : 85 %
Disco : 13 %
Descarga : 3.81 Mbit/s
Carga :  0.24 Mbit/s
Temperatura : 46 Cº
Estado envìo : OK
Sun 28 Feb 09:11:25 UTC 2016
----------------------------------------------FIN--------------------------------------------------------------
CPU : 02 %
Memoria : 85 %
Disco : 13 %
Descarga : 3.86 Mbit/s
Carga :  0.22 Mbit/s
Temperatura : 45 Cº
Estado envìo : OK
Sun 28 Feb 09:21:21 UTC 2016
----------------------------------------------FIN--------------------------------------------------------------
CPU : 00 %
Memoria : 85 %
Disco : 13 %
Descarga : 3.92 Mbit/s
Carga :  0.35 Mbit/s
Temperatura : 44 Cº
Estado envìo : OK
Sun 28 Feb 09:31:19 UTC 2016
----------------------------------------------FIN--------------------------------------------------------------
CPU : 00 %
Memoria : 85 %
Disco : 13 %
Descarga : 3.93 Mbit/s
Carga :  0.34 Mbit/s
Temperatura : 44 Cº
Estado envìo : OK
Sun 28 Feb 09:41:20 UTC 2016
----------------------------------------------FIN--------------------------------------------------------------
CPU : 00 %
Memoria : 85 %
Disco : 13 %
Descarga : 3.90 Mbit/s
Carga :  0.29 Mbit/s
Temperatura : 44 Cº
Estado envìo : OK
Sun 28 Feb 09:51:07 UTC 2016
----------------------------------------------FIN--------------------------------------------------------------
CPU : 00 %
Memoria : 85 %
Disco : 13 %
Descarga : 2.56 Mbit/s
Carga :  0.29 Mbit/s
Temperatura : 44 Cº
Estado envìo : OK
Sun 28 Feb 10:01:20 UTC 2016
----------------------------------------------FIN--------------------------------------------------------------
CPU : 00 %
Memoria : 85 %
Disco : 13 %
Descarga : 3.88 Mbit/s
Carga :  0.29 Mbit/s
Temperatura : 44 Cº
Estado envìo : OK
Sun 28 Feb 10:11:20 UTC 2016
----------------------------------------------FIN--------------------------------------------------------------
CPU : 02 %
Memoria : 85 %
Disco : 13 %
Descarga : 3.88 Mbit/s
Carga :  0.35 Mbit/s
Temperatura : 44 Cº
Estado envìo : OK
Sun 28 Feb 10:21:19 UTC 2016
----------------------------------------------FIN--------------------------------------------------------------
CPU : 24 %
Memoria : 85 %
Disco : 13 %
Descarga : 2.94 Mbit/s
Carga :  0.23 Mbit/s
Temperatura : 44 Cº
Estado envìo : OK
Sun 28 Feb 10:31:49 UTC 2016
----------------------------------------------FIN--------------------------------------------------------------
CPU : 01 %
Memoria : 85 %
Disco : 13 %
Descarga : 3.89 Mbit/s
Carga :  0.29 Mbit/s
Temperatura : 44 Cº
Estado envìo : OK
Sun 28 Feb 10:41:07 UTC 2016
----------------------------------------------FIN--------------------------------------------------------------
CPU : 01 %
Memoria : 85 %
Disco : 13 %
Descarga : 3.89 Mbit/s
Carga :  0.35 Mbit/s
Temperatura : 44 Cº
Estado envìo : OK
Sun 28 Feb 10:51:18 UTC 2016
----------------------------------------------FIN--------------------------------------------------------------
CPU : 10 %
Memoria : 85 %
Disco : 13 %
Descarga : 3.85 Mbit/s
Carga :  0.35 Mbit/s
Temperatura : 44 Cº
Estado envìo : OK
Sun 28 Feb 11:01:21 UTC 2016
----------------------------------------------FIN--------------------------------------------------------------
CPU : 13 %
Memoria : 85 %
Disco : 13 %
Descarga : 3.97 Mbit/s
Carga :  0.29 Mbit/s
Temperatura : 45 Cº
Estado envìo : OK
Sun 28 Feb 11:11:16 UTC 2016
----------------------------------------------FIN--------------------------------------------------------------
CPU : 00 %
Memoria : 85 %
Disco : 13 %
Descarga : 3.95 Mbit/s
Carga :  0.24 Mbit/s
Temperatura : 44 Cº
Estado envìo : OK
Sun 28 Feb 11:21:18 UTC 2016
----------------------------------------------FIN--------------------------------------------------------------
CPU : 00 %
Memoria : 85 %
Disco : 13 %
Descarga : 3.95 Mbit/s
Carga :  0.35 Mbit/s
Temperatura : 45 Cº
Estado envìo : OK
Sun 28 Feb 11:31:18 UTC 2016
----------------------------------------------FIN--------------------------------------------------------------
CPU : 00 %
Memoria : 85 %
Disco : 13 %
Descarga : 3.91 Mbit/s
Carga :  0.35 Mbit/s
Temperatura : 44 Cº
Estado envìo : OK
Sun 28 Feb 11:41:19 UTC 2016
----------------------------------------------FIN--------------------------------------------------------------
CPU : 00 %
Memoria : 85 %
Disco : 13 %
Descarga : 4.01 Mbit/s
Carga :  0.17 Mbit/s
Temperatura : 45 Cº
Estado envìo : OK
Sun 28 Feb 11:51:18 UTC 2016
----------------------------------------------FIN--------------------------------------------------------------
CPU : 00 %
Memoria : 85 %
Disco : 13 %
Descarga : 3.92 Mbit/s
Carga :  0.35 Mbit/s
Temperatura : 45 Cº
Estado envìo : OK
Sun 28 Feb 12:01:22 UTC 2016
----------------------------------------------FIN--------------------------------------------------------------
CPU : 04 %
Memoria : 85 %
Disco : 13 %
Descarga : 3.95 Mbit/s
Carga :  0.29 Mbit/s
Temperatura : 46 Cº
Estado envìo : OK
Sun 28 Feb 12:11:19 UTC 2016
----------------------------------------------FIN--------------------------------------------------------------
CPU : 00 %
Memoria : 85 %
Disco : 13 %
Descarga : 3.96 Mbit/s
Carga :  0.12 Mbit/s
Temperatura : 45 Cº
Estado envìo : OK
Sun 28 Feb 12:21:19 UTC 2016
----------------------------------------------FIN--------------------------------------------------------------
CPU : 00 %
Memoria : 85 %
Disco : 13 %
Descarga : 3.93 Mbit/s
Carga :  0.45 Mbit/s
Temperatura : 45 Cº
Estado envìo : OK
Sun 28 Feb 12:31:11 UTC 2016
----------------------------------------------FIN--------------------------------------------------------------
CPU : 06 %
Memoria : 85 %
Disco : 13 %
Descarga : 3.98 Mbit/s
Carga :  0.18 Mbit/s
Temperatura : 45 Cº
Estado envìo : OK
Sun 28 Feb 12:41:18 UTC 2016
----------------------------------------------FIN--------------------------------------------------------------
CPU : 05 %
Memoria : 85 %
Disco : 13 %
Descarga : 3.88 Mbit/s
Carga :  0.35 Mbit/s
Temperatura : 45 Cº
Estado envìo : OK
Sun 28 Feb 12:51:14 UTC 2016
----------------------------------------------FIN--------------------------------------------------------------
CPU : 03 %
Memoria : 85 %
Disco : 13 %
Descarga : 3.73 Mbit/s
Carga :  0.35 Mbit/s
Temperatura : 45 Cº
Estado envìo : OK
Sun 28 Feb 13:01:18 UTC 2016
----------------------------------------------FIN--------------------------------------------------------------
CPU : 01 %
Memoria : 85 %
Disco : 13 %
Descarga : 3.98 Mbit/s
Carga :  0.35 Mbit/s
Temperatura : 45 Cº
Estado envìo : OK
Sun 28 Feb 13:11:18 UTC 2016
----------------------------------------------FIN--------------------------------------------------------------
CPU : 00 %
Memoria : 85 %
Disco : 13 %
Descarga : 3.87 Mbit/s
Carga :  0.24 Mbit/s
Temperatura : 45 Cº
Estado envìo : OK
Sun 28 Feb 13:21:14 UTC 2016
----------------------------------------------FIN--------------------------------------------------------------
CPU : 00 %
Memoria : 85 %
Disco : 13 %
Descarga : 3.90 Mbit/s
Carga :  0.23 Mbit/s
Temperatura : 45 Cº
Estado envìo : OK
Sun 28 Feb 13:31:16 UTC 2016
----------------------------------------------FIN--------------------------------------------------------------
CPU : 03 %
Memoria : 85 %
Disco : 13 %
Descarga : 3.96 Mbit/s
Carga :  0.36 Mbit/s
Temperatura : 46 Cº
Estado envìo : OK
Sun 28 Feb 13:41:13 UTC 2016
----------------------------------------------FIN--------------------------------------------------------------
CPU : 00 %
Memoria : 85 %
Disco : 13 %
Descarga : 3.89 Mbit/s
Carga :  0.29 Mbit/s
Temperatura : 46 Cº
Estado envìo : OK
Sun 28 Feb 13:51:19 UTC 2016
----------------------------------------------FIN--------------------------------------------------------------
CPU : 00 %
Memoria : 85 %
Disco : 13 %
Descarga : 3.90 Mbit/s
Carga :  0.35 Mbit/s
Temperatura : 46 Cº
Estado envìo : OK
Sun 28 Feb 14:01:19 UTC 2016
----------------------------------------------FIN--------------------------------------------------------------
CPU : 05 %
Memoria : 85 %
Disco : 13 %
Descarga : 3.19 Mbit/s
Carga :  0.34 Mbit/s
Temperatura : 46 Cº
Estado envìo : OK
Sun 28 Feb 14:11:20 UTC 2016
----------------------------------------------FIN--------------------------------------------------------------
CPU : 00 %
Memoria : 85 %
Disco : 13 %
Descarga : 3.97 Mbit/s
Carga :  0.29 Mbit/s
Temperatura : 46 Cº
Estado envìo : OK
Sun 28 Feb 14:21:19 UTC 2016
----------------------------------------------FIN--------------------------------------------------------------
CPU : 03 %
Memoria : 85 %
Disco : 13 %
Descarga : 3.89 Mbit/s
Carga :  0.24 Mbit/s
Temperatura : 46 Cº
Estado envìo : OK
Sun 28 Feb 14:31:19 UTC 2016
----------------------------------------------FIN--------------------------------------------------------------
CPU : 12 %
Memoria : 85 %
Disco : 13 %
Descarga : 3.83 Mbit/s
Carga :  0.35 Mbit/s
Temperatura : 47 Cº
Estado envìo : OK
Sun 28 Feb 14:41:10 UTC 2016
----------------------------------------------FIN--------------------------------------------------------------
CPU : 00 %
Memoria : 85 %
Disco : 13 %
Descarga : 3.89 Mbit/s
Carga :  0.18 Mbit/s
Temperatura : 47 Cº
Estado envìo : OK
Sun 28 Feb 14:51:14 UTC 2016
----------------------------------------------FIN--------------------------------------------------------------
CPU : 00 %
Memoria : 85 %
Disco : 13 %
Descarga : 3.89 Mbit/s
Carga :  0.29 Mbit/s
Temperatura : 46 Cº
Estado envìo : OK
Sun 28 Feb 15:01:10 UTC 2016
----------------------------------------------FIN--------------------------------------------------------------
CPU : 05 %
Memoria : 85 %
Disco : 13 %
Descarga : 3.49 Mbit/s
Carga :  0.18 Mbit/s
Temperatura : 47 Cº
Estado envìo : OK
Sun 28 Feb 15:11:10 UTC 2016
----------------------------------------------FIN--------------------------------------------------------------
CPU : 08 %
Memoria : 85 %
Disco : 13 %
Descarga : 3.97 Mbit/s
Carga :  0.29 Mbit/s
Temperatura : 47 Cº
Estado envìo : OK
Sun 28 Feb 15:21:14 UTC 2016
----------------------------------------------FIN--------------------------------------------------------------
CPU : 00 %
Memoria : 85 %
Disco : 13 %
Descarga : 2.88 Mbit/s
Carga :  0.35 Mbit/s
Temperatura : 47 Cº
Estado envìo : OK
Sun 28 Feb 15:31:02 UTC 2016
----------------------------------------------FIN--------------------------------------------------------------
CPU : 01 %
Memoria : 85 %
Disco : 13 %
Descarga : 3.88 Mbit/s
Carga :  0.29 Mbit/s
Temperatura : 47 Cº
Estado envìo : OK
Sun 28 Feb 15:41:03 UTC 2016
----------------------------------------------FIN--------------------------------------------------------------
CPU : 06 %
Memoria : 85 %
Disco : 13 %
Descarga : 3.79 Mbit/s
Carga :  0.29 Mbit/s
Temperatura : 47 Cº
Estado envìo : OK
Sun 28 Feb 15:51:16 UTC 2016
----------------------------------------------FIN--------------------------------------------------------------
CPU : 02 %
Memoria : 85 %
Disco : 13 %
Descarga : 3.94 Mbit/s
Carga :  0.46 Mbit/s
Temperatura : 47 Cº
Estado envìo : OK
Sun 28 Feb 16:01:15 UTC 2016
----------------------------------------------FIN--------------------------------------------------------------
CPU : 00 %
Memoria : 85 %
Disco : 13 %
Descarga : 3.96 Mbit/s
Carga :  0.41 Mbit/s
Temperatura : 47 Cº
Estado envìo : OK
Sun 28 Feb 16:11:18 UTC 2016
----------------------------------------------FIN--------------------------------------------------------------
CPU : 01 %
Memoria : 85 %
Disco : 13 %
Descarga : 3.81 Mbit/s
Carga :  0.16 Mbit/s
Temperatura : 48 Cº
Estado envìo : OK
Sun 28 Feb 16:21:15 UTC 2016
----------------------------------------------FIN--------------------------------------------------------------
CPU : 00 %
Memoria : 85 %
Disco : 13 %
Descarga : 3.94 Mbit/s
Carga :  0.29 Mbit/s
Temperatura : 49 Cº
Estado envìo : OK
Sun 28 Feb 16:31:19 UTC 2016
----------------------------------------------FIN--------------------------------------------------------------
CPU : 00 %
Memoria : 85 %
Disco : 13 %
Descarga : 3.50 Mbit/s
Carga :  0.40 Mbit/s
Temperatura : 48 Cº
Estado envìo : OK
Sun 28 Feb 16:41:25 UTC 2016
----------------------------------------------FIN--------------------------------------------------------------
CPU : 00 %
Memoria : 85 %
Disco : 13 %
Descarga : 3.51 Mbit/s
Carga :  0.35 Mbit/s
Temperatura : 54 Cº
Estado envìo : OK
Sun 28 Feb 16:51:21 UTC 2016
----------------------------------------------FIN--------------------------------------------------------------
CPU : 01 %
Memoria : 86 %
Disco : 13 %
Descarga : 3.86 Mbit/s
Carga :  0.33 Mbit/s
Temperatura : 56 Cº
Estado envìo : OK
Sun 28 Feb 17:01:21 UTC 2016
----------------------------------------------FIN--------------------------------------------------------------
CPU : 00 %
Memoria : 86 %
Disco : 13 %
Descarga : 2.59 Mbit/s
Carga :  0.06 Mbit/s
Temperatura : 56 Cº
Estado envìo : OK
Sun 28 Feb 17:16:24 UTC 2016
----------------------------------------------FIN--------------------------------------------------------------
CPU : 06 %
Memoria : 86 %
Disco : 13 %
Descarga : 3.84 Mbit/s
Carga :  0.29 Mbit/s
Temperatura : 57 Cº
Estado envìo : OK
Sun 28 Feb 17:31:20 UTC 2016
----------------------------------------------FIN--------------------------------------------------------------
CPU : 00 %
Memoria : 86 %
Disco : 13 %
Descarga : 3.69 Mbit/s
Carga :  0.35 Mbit/s
Temperatura : 57 Cº
Estado envìo : OK
Sun 28 Feb 17:46:16 UTC 2016
----------------------------------------------FIN--------------------------------------------------------------
CPU : 00 %
Memoria : 86 %
Disco : 13 %
Descarga : 3.89 Mbit/s
Carga :  0.40 Mbit/s
Temperatura : 57 Cº
Estado envìo : OK
Sun 28 Feb 18:01:17 UTC 2016
----------------------------------------------FIN--------------------------------------------------------------
CPU : 00 %
Memoria : 86 %
Disco : 13 %
Descarga : 3.95 Mbit/s
Carga :  0.35 Mbit/s
Temperatura : 57 Cº
Estado envìo : OK
Sun 28 Feb 18:16:21 UTC 2016
----------------------------------------------FIN--------------------------------------------------------------
CPU : 00 %
Memoria : 86 %
Disco : 13 %
Descarga : 3.98 Mbit/s
Carga :  0.29 Mbit/s
Temperatura : 57 Cº
Estado envìo : OK
Sun 28 Feb 18:31:23 UTC 2016
----------------------------------------------FIN--------------------------------------------------------------
CPU : 08 %
Memoria : 86 %
Disco : 13 %
Descarga : 3.85 Mbit/s
Carga :  0.22 Mbit/s
Temperatura : 57 Cº
Estado envìo : OK
Sun 28 Feb 18:46:20 UTC 2016
----------------------------------------------FIN--------------------------------------------------------------
CPU : 00 %
Memoria : 86 %
Disco : 13 %
Descarga : 3.80 Mbit/s
Carga :  0.06 Mbit/s
Temperatura : 58 Cº
Estado envìo : OK
Sun 28 Feb 19:01:13 UTC 2016
----------------------------------------------FIN--------------------------------------------------------------
CPU : 04 %
Memoria : 86 %
Disco : 13 %
Descarga : 3.45 Mbit/s
Carga :  0.28 Mbit/s
Temperatura : 58 Cº
Estado envìo : OK
Sun 28 Feb 19:16:19 UTC 2016
----------------------------------------------FIN--------------------------------------------------------------
CPU : 01 %
Memoria : 86 %
Disco : 13 %
Descarga : 2.70 Mbit/s
Carga :  0.23 Mbit/s
Temperatura : 58 Cº
Estado envìo : OK
Sun 28 Feb 19:31:28 UTC 2016
----------------------------------------------FIN--------------------------------------------------------------
CPU : 00 %
Memoria : 86 %
Disco : 13 %
Descarga : 3.84 Mbit/s
Carga :  0.23 Mbit/s
Temperatura : 57 Cº
Estado envìo : OK
Sun 28 Feb 19:46:23 UTC 2016
----------------------------------------------FIN--------------------------------------------------------------
CPU : 00 %
Memoria : 88 %
Disco : 13 %
Descarga : 3.65 Mbit/s
Carga :  0.17 Mbit/s
Temperatura : 57 Cº
Estado envìo : OK
Sun 28 Feb 20:01:17 UTC 2016
----------------------------------------------FIN--------------------------------------------------------------
CPU : 00 %
Memoria : 88 %
Disco : 13 %
Descarga : 3.90 Mbit/s
Carga :  0.23 Mbit/s
Temperatura : 56 Cº
Estado envìo : OK
Sun 28 Feb 20:16:04 UTC 2016
----------------------------------------------FIN--------------------------------------------------------------
CPU : 00 %
Memoria : 88 %
Disco : 13 %
Descarga : 3.04 Mbit/s
Carga :  0.23 Mbit/s
Temperatura : 56 Cº
Estado envìo : OK
Sun 28 Feb 20:31:27 UTC 2016
----------------------------------------------FIN--------------------------------------------------------------
CPU : 01 %
Memoria : 88 %
Disco : 13 %
Descarga : 3.79 Mbit/s
Carga :  0.23 Mbit/s
Temperatura : 55 Cº
Estado envìo : OK
Sun 28 Feb 20:46:21 UTC 2016
----------------------------------------------FIN--------------------------------------------------------------
CPU : 00 %
Memoria : 88 %
Disco : 13 %
Descarga : 3.75 Mbit/s
Carga :  0.23 Mbit/s
Temperatura : 56 Cº
Estado envìo : OK
Sun 28 Feb 21:01:25 UTC 2016
----------------------------------------------FIN--------------------------------------------------------------
CPU : 00 %
Memoria : 88 %
Disco : 13 %
Descarga : 3.08 Mbit/s
Carga :  0.23 Mbit/s
Temperatura : 55 Cº
Estado envìo : OK
Sun 28 Feb 21:16:35 UTC 2016
----------------------------------------------FIN--------------------------------------------------------------
CPU : 00 %
Memoria : 88 %
Disco : 13 %
Descarga : 3.76 Mbit/s
Carga :  0.34 Mbit/s
Temperatura : 55 Cº
Estado envìo : OK
Sun 28 Feb 21:31:20 UTC 2016
----------------------------------------------FIN--------------------------------------------------------------
CPU : 00 %
Memoria : 88 %
Disco : 13 %
Descarga : 3.79 Mbit/s
Carga :  0.34 Mbit/s
Temperatura : 55 Cº
Estado envìo : OK
Sun 28 Feb 21:46:13 UTC 2016
----------------------------------------------FIN--------------------------------------------------------------
CPU : 00 %
Memoria : 88 %
Disco : 13 %
Descarga : 3.59 Mbit/s
Carga :  0.33 Mbit/s
Temperatura : 55 Cº
Estado envìo : OK
Sun 28 Feb 22:01:24 UTC 2016
----------------------------------------------FIN--------------------------------------------------------------
CPU : 00 %
Memoria : 88 %
Disco : 13 %
Descarga : 2.33 Mbit/s
Carga :  0.17 Mbit/s
Temperatura : 55 Cº
Estado envìo : OK
Sun 28 Feb 22:16:29 UTC 2016
----------------------------------------------FIN--------------------------------------------------------------
CPU : 00 %
Memoria : 88 %
Disco : 13 %
Descarga : 1.91 Mbit/s
Carga :  0.17 Mbit/s
Temperatura : 55 Cº
Estado envìo : OK
Sun 28 Feb 22:31:13 UTC 2016
----------------------------------------------FIN--------------------------------------------------------------
CPU : 02 %
Memoria : 88 %
Disco : 13 %
Descarga : 3.77 Mbit/s
Carga :  0.17 Mbit/s
Temperatura : 55 Cº
Estado envìo : OK
Sun 28 Feb 22:46:18 UTC 2016
----------------------------------------------FIN--------------------------------------------------------------
CPU : 00 %
Memoria : 88 %
Disco : 13 %
Descarga : 3.98 Mbit/s
Carga :  0.29 Mbit/s
Temperatura : 55 Cº
Estado envìo : OK
Sun 28 Feb 23:01:20 UTC 2016
----------------------------------------------FIN--------------------------------------------------------------
CPU : 00 %
Memoria : 88 %
Disco : 13 %
Descarga : 3.89 Mbit/s
Carga :  0.29 Mbit/s
Temperatura : 55 Cº
Estado envìo : OK
Sun 28 Feb 23:16:18 UTC 2016
----------------------------------------------FIN--------------------------------------------------------------
CPU : 00 %
Memoria : 88 %
Disco : 13 %
Descarga : 3.89 Mbit/s
Carga :  0.18 Mbit/s
Temperatura : 55 Cº
Estado envìo : OK
Sun 28 Feb 23:31:10 UTC 2016
----------------------------------------------FIN--------------------------------------------------------------
CPU : 00 %
Memoria : 88 %
Disco : 13 %
Descarga : 0.68 Mbit/s
Carga :  0.38 Mbit/s
Temperatura : 55 Cº
Estado envìo : OK
Sun 28 Feb 23:46:32 UTC 2016
----------------------------------------------FIN--------------------------------------------------------------
CPU : 00 %
Memoria : 88 %
Disco : 13 %
Descarga : 1.46 Mbit/s
Carga :  0.05 Mbit/s
Temperatura : 56 Cº
Estado envìo : OK
Mon 29 Feb 00:01:57 UTC 2016
----------------------------------------------FIN--------------------------------------------------------------
CPU : 00 %
Memoria : 88 %
Disco : 13 %
Descarga : 2.94 Mbit/s
Carga :  0.17 Mbit/s
Temperatura : 56 Cº
Estado envìo : OK
Mon 29 Feb 00:16:26 UTC 2016
----------------------------------------------FIN--------------------------------------------------------------
CPU : 07 %
Memoria : 88 %
Disco : 13 %
Descarga : 2.70 Mbit/s
Carga :  0.35 Mbit/s
Temperatura : 56 Cº
Estado envìo : OK
Mon 29 Feb 00:31:37 UTC 2016
----------------------------------------------FIN--------------------------------------------------------------
CPU : 00 %
Memoria : 88 %
Disco : 13 %
Descarga : 2.54 Mbit/s
Carga :  0.28 Mbit/s
Temperatura : 56 Cº
Estado envìo : OK
Mon 29 Feb 00:46:36 UTC 2016
----------------------------------------------FIN--------------------------------------------------------------
CPU : 00 %
Memoria : 88 %
Disco : 13 %
Descarga : 1.81 Mbit/s
Carga :  0.28 Mbit/s
Temperatura : 56 Cº
Estado envìo : OK
Mon 29 Feb 01:01:26 UTC 2016
----------------------------------------------FIN--------------------------------------------------------------
CPU : 04 %
Memoria : 88 %
Disco : 13 %
Descarga : 3.43 Mbit/s
Carga :  0.28 Mbit/s
Temperatura : 57 Cº
Estado envìo : OK
Mon 29 Feb 01:16:21 UTC 2016
----------------------------------------------FIN--------------------------------------------------------------
CPU : 00 %
Memoria : 88 %
Disco : 13 %
Descarga : 3.87 Mbit/s
Carga :  0.35 Mbit/s
Temperatura : 56 Cº
Estado envìo : OK
Mon 29 Feb 01:31:07 UTC 2016
----------------------------------------------FIN--------------------------------------------------------------
CPU : 00 %
Memoria : 88 %
Disco : 13 %
Descarga : 2.91 Mbit/s
Carga :  0.22 Mbit/s
Temperatura : 56 Cº
Estado envìo : OK
Mon 29 Feb 01:46:28 UTC 2016
----------------------------------------------FIN--------------------------------------------------------------
CPU : 02 %
Memoria : 88 %
Disco : 13 %
Descarga : 3.54 Mbit/s
Carga :  0.27 Mbit/s
Temperatura : 57 Cº
Estado envìo : OK
Mon 29 Feb 02:01:11 UTC 2016
----------------------------------------------FIN--------------------------------------------------------------
CPU : 04 %
Memoria : 88 %
Disco : 13 %
Descarga : 3.56 Mbit/s
Carga :  0.00 Mbit/s
Temperatura : 56 Cº
Estado envìo : OK
Mon 29 Feb 02:16:23 UTC 2016
----------------------------------------------FIN--------------------------------------------------------------
CPU : 00 %
Memoria : 88 %
Disco : 13 %
Descarga : 3.12 Mbit/s
Carga :  0.23 Mbit/s
Temperatura : 56 Cº
Estado envìo : OK
Mon 29 Feb 02:31:25 UTC 2016
----------------------------------------------FIN--------------------------------------------------------------
CPU : 02 %
Memoria : 88 %
Disco : 13 %
Descarga : 3.89 Mbit/s
Carga :  0.23 Mbit/s
Temperatura : 56 Cº
Estado envìo : OK
Mon 29 Feb 02:46:13 UTC 2016
----------------------------------------------FIN--------------------------------------------------------------
CPU : 00 %
Memoria : 88 %
Disco : 13 %
Descarga : 3.91 Mbit/s
Carga :  0.35 Mbit/s
Temperatura : 56 Cº
Estado envìo : OK
Mon 29 Feb 03:01:19 UTC 2016
----------------------------------------------FIN--------------------------------------------------------------
CPU : 00 %
Memoria : 88 %
Disco : 13 %
Descarga : 3.03 Mbit/s
Carga :  0.35 Mbit/s
Temperatura : 56 Cº
Estado envìo : OK
Mon 29 Feb 03:16:22 UTC 2016
----------------------------------------------FIN--------------------------------------------------------------
CPU : 15 %
Memoria : 88 %
Disco : 13 %
Descarga : 3.91 Mbit/s
Carga :  0.29 Mbit/s
Temperatura : 56 Cº
Estado envìo : OK
Mon 29 Feb 03:31:18 UTC 2016
----------------------------------------------FIN--------------------------------------------------------------
CPU : 00 %
Memoria : 88 %
Disco : 13 %
Descarga : 3.06 Mbit/s
Carga :  0.29 Mbit/s
Temperatura : 56 Cº
Estado envìo : OK
Mon 29 Feb 03:46:20 UTC 2016
----------------------------------------------FIN--------------------------------------------------------------
CPU : 00 %
Memoria : 88 %
Disco : 13 %
Descarga : 3.91 Mbit/s
Carga :  0.17 Mbit/s
Temperatura : 55 Cº
Estado envìo : OK
Mon 29 Feb 04:01:24 UTC 2016
----------------------------------------------FIN--------------------------------------------------------------
CPU : 35 %
Memoria : 64 %
Disco : 13 %
Descarga : 3.11 Mbit/s
Carga :  0.21 Mbit/s
Temperatura : 48 Cº
Estado envìo : OK
Sat 5 Mar 04:46:23 UTC 2016
----------------------------------------------FIN--------------------------------------------------------------
